Flow report for img_man_MDS
Tue Jun 04 19:22:59 2013
Quartus II 64-Bit Version 12.1 Build 177 11/07/2012 SJ Full Version


---------------------
; Table of Contents ;
---------------------
  1. Legal Notice
  2. Flow Summary
  3. Flow Settings
  4. Flow Non-Default Global Settings
  5. Flow Elapsed Time
  6. Flow OS Summary
  7. Flow Log



----------------
; Legal Notice ;
----------------
Copyright (C) 1991-2012 Altera Corporation
Your use of Altera Corporation's design tools, logic functions 
and other software and tools, and its AMPP partner logic 
functions, and any output files from any of the foregoing 
(including device programming or simulation files), and any 
associated documentation or information are expressly subject 
to the terms and conditions of the Altera Program License 
Subscription Agreement, Altera MegaCore Function License 
Agreement, or other applicable license agreement, including, 
without limitation, that your use is for the sole purpose of 
programming logic devices manufactured by Altera and sold by 
Altera or its authorized distributors.  Please refer to the 
applicable agreement for further details.



+--------------------------------------------------------------------------------+
; Flow Summary                                                                   ;
+------------------------------------+-------------------------------------------+
; Flow Status                        ; Successful - Tue Jun 04 19:22:50 2013     ;
; Quartus II 64-Bit Version          ; 12.1 Build 177 11/07/2012 SJ Full Version ;
; Revision Name                      ; img_man_MDS                               ;
; Top-level Entity Name              ; img_man_MDS                               ;
; Family                             ; Cyclone II                                ;
; Device                             ; EP2C35F672C6                              ;
; Timing Models                      ; Final                                     ;
; Total logic elements               ; 4,862 / 33,216 ( 15 % )                   ;
;     Total combinational functions  ; 3,943 / 33,216 ( 12 % )                   ;
;     Dedicated logic registers      ; 2,826 / 33,216 ( 9 % )                    ;
; Total registers                    ; 2826                                      ;
; Total pins                         ; 152 / 475 ( 32 % )                        ;
; Total virtual pins                 ; 0                                         ;
; Total memory bits                  ; 145,480 / 483,840 ( 30 % )                ;
; Embedded Multiplier 9-bit elements ; 24 / 70 ( 34 % )                          ;
; Total PLLs                         ; 1 / 4 ( 25 % )                            ;
+------------------------------------+-------------------------------------------+


+-----------------------------------------+
; Flow Settings                           ;
+-------------------+---------------------+
; Option            ; Setting             ;
+-------------------+---------------------+
; Start date & time ; 06/04/2013 19:21:20 ;
; Main task         ; Compilation         ;
; Revision Name     ; img_man_MDS         ;
+-------------------+---------------------+


+---------------------------------------------------------------------------------------------------------------+
; Flow Non-Default Global Settings                                                                              ;
+-------------------------------------+------------------------------+---------------+-------------+------------+
; Assignment Name                     ; Value                        ; Default Value ; Entity Name ; Section Id ;
+-------------------------------------+------------------------------+---------------+-------------+------------+
; COMPILER_SIGNATURE_ID               ; 123490029001.137036287900796 ; --            ; --          ; --         ;
; PARTITION_COLOR                     ; 16764057                     ; --            ; --          ; Top        ;
; PARTITION_FITTER_PRESERVATION_LEVEL ; PLACEMENT_AND_ROUTING        ; --            ; --          ; Top        ;
; PARTITION_NETLIST_TYPE              ; SOURCE                       ; --            ; --          ; Top        ;
; PROJECT_OUTPUT_DIRECTORY            ; output_files                 ; --            ; --          ; --         ;
+-------------------------------------+------------------------------+---------------+-------------+------------+


+-------------------------------------------------------------------------------------------------------------------------------+
; Flow Elapsed Time                                                                                                             ;
+---------------------------+--------------+-------------------------+---------------------+------------------------------------+
; Module Name               ; Elapsed Time ; Average Processors Used ; Peak Virtual Memory ; Total CPU Time (on all processors) ;
+---------------------------+--------------+-------------------------+---------------------+------------------------------------+
; Analysis & Synthesis      ; 00:00:33     ; 1.0                     ; 593 MB              ; 00:00:27                           ;
; Fitter                    ; 00:00:43     ; 2.6                     ; 801 MB              ; 00:01:02                           ;
; Assembler                 ; 00:00:05     ; 1.0                     ; 447 MB              ; 00:00:03                           ;
; TimeQuest Timing Analyzer ; 00:00:08     ; 1.4                     ; 521 MB              ; 00:00:05                           ;
; Total                     ; 00:01:29     ; --                      ; --                  ; 00:01:37                           ;
+---------------------------+--------------+-------------------------+---------------------+------------------------------------+


+----------------------------------------------------------------------------------------+
; Flow OS Summary                                                                        ;
+---------------------------+------------------+-----------+------------+----------------+
; Module Name               ; Machine Hostname ; OS Name   ; OS Version ; Processor type ;
+---------------------------+------------------+-----------+------------+----------------+
; Analysis & Synthesis      ; DIGLAB352-3-06   ; Windows 7 ; 6.1        ; x86_64         ;
; Fitter                    ; DIGLAB352-3-06   ; Windows 7 ; 6.1        ; x86_64         ;
; Assembler                 ; DIGLAB352-3-06   ; Windows 7 ; 6.1        ; x86_64         ;
; TimeQuest Timing Analyzer ; DIGLAB352-3-06   ; Windows 7 ; 6.1        ; x86_64         ;
+---------------------------+------------------+-----------+------------+----------------+


------------
; Flow Log ;
------------
quartus_map --read_settings_files=on --write_settings_files=off img_man_MDS -c img_man_MDS
quartus_fit --read_settings_files=off --write_settings_files=off img_man_MDS -c img_man_MDS
quartus_asm --read_settings_files=off --write_settings_files=off img_man_MDS -c img_man_MDS
quartus_sta img_man_MDS -c img_man_MDS



