Flow report for mds_img_manipulation
Sun May 19 13:26:44 2013
Quartus II 64-Bit Version 12.1 Build 177 11/07/2012 SJ Full Version


---------------------
; Table of Contents ;
---------------------
  1. Legal Notice
  2. Flow Summary
  3. Flow Settings
  4. Flow Non-Default Global Settings
  5. Flow Elapsed Time
  6. Flow OS Summary
  7. Flow Log



----------------
; Legal Notice ;
----------------
Copyright (C) 1991-2012 Altera Corporation
Your use of Altera Corporation's design tools, logic functions 
and other software and tools, and its AMPP partner logic 
functions, and any output files from any of the foregoing 
(including device programming or simulation files), and any 
associated documentation or information are expressly subject 
to the terms and conditions of the Altera Program License 
Subscription Agreement, Altera MegaCore Function License 
Agreement, or other applicable license agreement, including, 
without limitation, that your use is for the sole purpose of 
programming logic devices manufactured by Altera and sold by 
Altera or its authorized distributors.  Please refer to the 
applicable agreement for further details.



+--------------------------------------------------------------------------------+
; Flow Summary                                                                   ;
+------------------------------------+-------------------------------------------+
; Flow Status                        ; Successful - Sun May 19 13:26:44 2013     ;
; Quartus II 64-Bit Version          ; 12.1 Build 177 11/07/2012 SJ Full Version ;
; Revision Name                      ; mds_img_manipulation                      ;
; Top-level Entity Name              ; sys_top                                   ;
; Family                             ; Cyclone II                                ;
; Device                             ; EP2C35F672C6                              ;
; Timing Models                      ; Final                                     ;
; Total logic elements               ; 5,638 / 33,216 ( 17 % )                   ;
;     Total combinational functions  ; 4,438 / 33,216 ( 13 % )                   ;
;     Dedicated logic registers      ; 3,436 / 33,216 ( 10 % )                   ;
; Total registers                    ; 3436                                      ;
; Total pins                         ; 128 / 475 ( 27 % )                        ;
; Total virtual pins                 ; 0                                         ;
; Total memory bits                  ; 162,888 / 483,840 ( 34 % )                ;
; Embedded Multiplier 9-bit elements ; 24 / 70 ( 34 % )                          ;
; Total PLLs                         ; 1 / 4 ( 25 % )                            ;
+------------------------------------+-------------------------------------------+


+------------------------------------------+
; Flow Settings                            ;
+-------------------+----------------------+
; Option            ; Setting              ;
+-------------------+----------------------+
; Start date & time ; 05/13/2013 11:33:13  ;
; Main task         ; Compilation          ;
; Revision Name     ; mds_img_manipulation ;
+-------------------+----------------------+


+---------------------------------------------------------------------------------------------------------------------------------------+
; Flow Non-Default Global Settings                                                                                                      ;
+-------------------------------------+-------------------------------------------+----------------------+-------------+----------------+
; Assignment Name                     ; Value                                     ; Default Value        ; Entity Name ; Section Id     ;
+-------------------------------------+-------------------------------------------+----------------------+-------------+----------------+
; COMPILER_SIGNATURE_ID               ; 255365646973615.136843399203916           ; --                   ; --          ; --             ;
; EDA_OUTPUT_DATA_FORMAT              ; Vhdl                                      ; --                   ; --          ; eda_simulation ;
; EDA_SIMULATION_TOOL                 ; ModelSim (VHDL)                           ; <None>               ; --          ; --             ;
; EDA_TIME_SCALE                      ; 1 ps                                      ; --                   ; --          ; eda_simulation ;
; MAX_CORE_JUNCTION_TEMP              ; 85                                        ; --                   ; --          ; --             ;
; MIN_CORE_JUNCTION_TEMP              ; 0                                         ; --                   ; --          ; --             ;
; PARTITION_COLOR                     ; 16764057                                  ; --                   ; sys_top     ; Top            ;
; PARTITION_FITTER_PRESERVATION_LEVEL ; PLACEMENT_AND_ROUTING                     ; --                   ; sys_top     ; Top            ;
; PARTITION_NETLIST_TYPE              ; SOURCE                                    ; --                   ; sys_top     ; Top            ;
; POWER_BOARD_THERMAL_MODEL           ; None (CONSERVATIVE)                       ; --                   ; --          ; --             ;
; POWER_PRESET_COOLING_SOLUTION       ; 23 MM HEAT SINK WITH 200 LFPM AIRFLOW     ; --                   ; --          ; --             ;
; PROJECT_OUTPUT_DIRECTORY            ; output_files                              ; --                   ; --          ; --             ;
; SEARCH_PATH                         ; p:\image-rotation-technion-ee\vhdl\design ; --                   ; --          ; --             ;
; TOP_LEVEL_ENTITY                    ; sys_top                                   ; mds_img_manipulation ; --          ; --             ;
+-------------------------------------+-------------------------------------------+----------------------+-------------+----------------+


+-------------------------------------------------------------------------------------------------------------------------------+
; Flow Elapsed Time                                                                                                             ;
+---------------------------+--------------+-------------------------+---------------------+------------------------------------+
; Module Name               ; Elapsed Time ; Average Processors Used ; Peak Virtual Memory ; Total CPU Time (on all processors) ;
+---------------------------+--------------+-------------------------+---------------------+------------------------------------+
; Analysis & Synthesis      ; 00:00:30     ; 1.0                     ; 580 MB              ; 00:00:23                           ;
; Fitter                    ; 00:00:28     ; 2.4                     ; 758 MB              ; 00:00:42                           ;
; Assembler                 ; 00:00:03     ; 1.0                     ; 447 MB              ; 00:00:02                           ;
; TimeQuest Timing Analyzer ; 00:00:04     ; 1.0                     ; 522 MB              ; 00:00:03                           ;
; EDA Netlist Writer        ; 00:00:09     ; 1.0                     ; 480 MB              ; 00:00:04                           ;
; Analysis & Synthesis      ; 00:00:29     ; 1.0                     ; 585 MB              ; 00:00:23                           ;
; Partition Merge           ; 00:00:02     ; 1.0                     ; 475 MB              ; 00:00:01                           ;
; Fitter                    ; 00:00:27     ; 2.6                     ; 750 MB              ; 00:00:40                           ;
; Assembler                 ; 00:00:03     ; 1.0                     ; 451 MB              ; 00:00:02                           ;
; TimeQuest Timing Analyzer ; 00:00:05     ; 1.0                     ; 519 MB              ; 00:00:03                           ;
; EDA Netlist Writer        ; 00:00:09     ; 1.0                     ; 480 MB              ; 00:00:05                           ;
; TimeQuest Timing Analyzer ; 00:00:09     ; 1.0                     ; 526 MB              ; 00:00:03                           ;
; Analysis & Synthesis      ; 00:00:42     ; 1.0                     ; 611 MB              ; 00:00:22                           ;
; Partition Merge           ; 00:00:04     ; 1.0                     ; 475 MB              ; 00:00:02                           ;
; Fitter                    ; 00:00:31     ; 2.4                     ; 753 MB              ; 00:00:41                           ;
; Assembler                 ; 00:00:04     ; 1.0                     ; 447 MB              ; 00:00:02                           ;
; TimeQuest Timing Analyzer ; 00:00:06     ; 1.0                     ; 519 MB              ; 00:00:04                           ;
; EDA Netlist Writer        ; 00:00:13     ; 1.0                     ; 480 MB              ; 00:00:05                           ;
; Analysis & Synthesis      ; 00:00:26     ; 1.2                     ; 582 MB              ; 00:00:12                           ;
; Partition Merge           ; 00:00:04     ; 1.0                     ; 491 MB              ; 00:00:02                           ;
; Fitter                    ; 00:00:17     ; 1.0                     ; 763 MB              ; 00:00:18                           ;
; Assembler                 ; 00:00:05     ; 1.0                     ; 464 MB              ; 00:00:02                           ;
; TimeQuest Timing Analyzer ; 00:00:06     ; 1.0                     ; 521 MB              ; 00:00:02                           ;
; EDA Netlist Writer        ; 00:00:14     ; 1.0                     ; 474 MB              ; 00:00:04                           ;
; Analysis & Synthesis      ; 00:00:25     ; 1.0                     ; 586 MB              ; 00:00:09                           ;
; Partition Merge           ; 00:00:06     ; 1.0                     ; 488 MB              ; 00:00:02                           ;
; Fitter                    ; 00:00:17     ; 2.1                     ; 771 MB              ; 00:00:18                           ;
; Assembler                 ; 00:00:06     ; 1.0                     ; 463 MB              ; 00:00:02                           ;
; TimeQuest Timing Analyzer ; 00:00:06     ; 1.0                     ; 521 MB              ; 00:00:02                           ;
; EDA Netlist Writer        ; 00:00:18     ; 1.0                     ; 479 MB              ; 00:00:06                           ;
; Analysis & Synthesis      ; 00:00:51     ; 1.7                     ; 574 MB              ; 00:00:28                           ;
; Partition Merge           ; 00:00:05     ; 1.0                     ; 476 MB              ; 00:00:02                           ;
; Fitter                    ; 00:00:21     ; 1.6                     ; 764 MB              ; 00:00:24                           ;
; Assembler                 ; 00:00:05     ; 1.0                     ; 456 MB              ; 00:00:02                           ;
; TimeQuest Timing Analyzer ; 00:00:07     ; 1.0                     ; 521 MB              ; 00:00:02                           ;
; EDA Netlist Writer        ; 00:00:16     ; 1.0                     ; 479 MB              ; 00:00:06                           ;
; Analysis & Synthesis      ; 00:00:50     ; 1.7                     ; 578 MB              ; 00:00:28                           ;
; Partition Merge           ; 00:00:05     ; 1.0                     ; 472 MB              ; 00:00:02                           ;
; Fitter                    ; 00:00:33     ; 2.5                     ; 810 MB              ; 00:00:46                           ;
; Assembler                 ; 00:00:05     ; 1.0                     ; 468 MB              ; 00:00:02                           ;
; TimeQuest Timing Analyzer ; 00:00:08     ; 2.0                     ; 537 MB              ; 00:00:04                           ;
; EDA Netlist Writer        ; 00:00:18     ; 1.0                     ; 490 MB              ; 00:00:07                           ;
; Analysis & Synthesis      ; 00:00:53     ; 1.7                     ; 582 MB              ; 00:00:28                           ;
; Partition Merge           ; 00:00:06     ; 1.0                     ; 476 MB              ; 00:00:02                           ;
; Fitter                    ; 00:00:34     ; 2.5                     ; 814 MB              ; 00:00:47                           ;
; Assembler                 ; 00:00:05     ; 1.0                     ; 456 MB              ; 00:00:03                           ;
; TimeQuest Timing Analyzer ; 00:00:12     ; 1.0                     ; 537 MB              ; 00:00:04                           ;
; EDA Netlist Writer        ; 00:00:19     ; 1.0                     ; 490 MB              ; 00:00:06                           ;
; Total                     ; 00:12:41     ; --                      ; --                  ; 00:09:09                           ;
+---------------------------+--------------+-------------------------+---------------------+------------------------------------+


+----------------------------------------------------------------------------------------+
; Flow OS Summary                                                                        ;
+---------------------------+------------------+-----------+------------+----------------+
; Module Name               ; Machine Hostname ; OS Name   ; OS Version ; Processor type ;
+---------------------------+------------------+-----------+------------+----------------+
; Analysis & Synthesis      ; DIGLAB352-2-03   ; Windows 7 ; 6.1        ; x86_64         ;
; Fitter                    ; DIGLAB352-2-03   ; Windows 7 ; 6.1        ; x86_64         ;
; Assembler                 ; DIGLAB352-2-03   ; Windows 7 ; 6.1        ; x86_64         ;
; TimeQuest Timing Analyzer ; DIGLAB352-2-03   ; Windows 7 ; 6.1        ; x86_64         ;
; EDA Netlist Writer        ; DIGLAB352-2-03   ; Windows 7 ; 6.1        ; x86_64         ;
; Analysis & Synthesis      ; DIGLAB352-2-03   ; Windows 7 ; 6.1        ; x86_64         ;
; Partition Merge           ; DIGLAB352-2-03   ; Windows 7 ; 6.1        ; x86_64         ;
; Fitter                    ; DIGLAB352-2-03   ; Windows 7 ; 6.1        ; x86_64         ;
; Assembler                 ; DIGLAB352-2-03   ; Windows 7 ; 6.1        ; x86_64         ;
; TimeQuest Timing Analyzer ; DIGLAB352-2-03   ; Windows 7 ; 6.1        ; x86_64         ;
; EDA Netlist Writer        ; DIGLAB352-2-03   ; Windows 7 ; 6.1        ; x86_64         ;
; TimeQuest Timing Analyzer ; DIGLAB352-2-04   ; Windows 7 ; 6.1        ; x86_64         ;
; Analysis & Synthesis      ; DIGLAB352-2-04   ; Windows 7 ; 6.1        ; x86_64         ;
; Partition Merge           ; DIGLAB352-2-04   ; Windows 7 ; 6.1        ; x86_64         ;
; Fitter                    ; DIGLAB352-2-04   ; Windows 7 ; 6.1        ; x86_64         ;
; Assembler                 ; DIGLAB352-2-04   ; Windows 7 ; 6.1        ; x86_64         ;
; TimeQuest Timing Analyzer ; DIGLAB352-2-04   ; Windows 7 ; 6.1        ; x86_64         ;
; EDA Netlist Writer        ; DIGLAB352-2-04   ; Windows 7 ; 6.1        ; x86_64         ;
; Analysis & Synthesis      ; DIGLAB352-2-04   ; Windows 7 ; 6.1        ; x86_64         ;
; Partition Merge           ; DIGLAB352-2-04   ; Windows 7 ; 6.1        ; x86_64         ;
; Fitter                    ; DIGLAB352-2-04   ; Windows 7 ; 6.1        ; x86_64         ;
; Assembler                 ; DIGLAB352-2-04   ; Windows 7 ; 6.1        ; x86_64         ;
; TimeQuest Timing Analyzer ; DIGLAB352-2-04   ; Windows 7 ; 6.1        ; x86_64         ;
; EDA Netlist Writer        ; DIGLAB352-2-04   ; Windows 7 ; 6.1        ; x86_64         ;
; Analysis & Synthesis      ; DIGLAB352-2-04   ; Windows 7 ; 6.1        ; x86_64         ;
; Partition Merge           ; DIGLAB352-2-04   ; Windows 7 ; 6.1        ; x86_64         ;
; Fitter                    ; DIGLAB352-2-04   ; Windows 7 ; 6.1        ; x86_64         ;
; Assembler                 ; DIGLAB352-2-04   ; Windows 7 ; 6.1        ; x86_64         ;
; TimeQuest Timing Analyzer ; DIGLAB352-2-04   ; Windows 7 ; 6.1        ; x86_64         ;
; EDA Netlist Writer        ; DIGLAB352-2-04   ; Windows 7 ; 6.1        ; x86_64         ;
; Analysis & Synthesis      ; DIGLAB352-2-04   ; Windows 7 ; 6.1        ; x86_64         ;
; Partition Merge           ; DIGLAB352-2-04   ; Windows 7 ; 6.1        ; x86_64         ;
; Fitter                    ; DIGLAB352-2-04   ; Windows 7 ; 6.1        ; x86_64         ;
; Assembler                 ; DIGLAB352-2-04   ; Windows 7 ; 6.1        ; x86_64         ;
; TimeQuest Timing Analyzer ; DIGLAB352-2-04   ; Windows 7 ; 6.1        ; x86_64         ;
; EDA Netlist Writer        ; DIGLAB352-2-04   ; Windows 7 ; 6.1        ; x86_64         ;
; Analysis & Synthesis      ; DIGLAB352-2-04   ; Windows 7 ; 6.1        ; x86_64         ;
; Partition Merge           ; DIGLAB352-2-04   ; Windows 7 ; 6.1        ; x86_64         ;
; Fitter                    ; DIGLAB352-2-04   ; Windows 7 ; 6.1        ; x86_64         ;
; Assembler                 ; DIGLAB352-2-04   ; Windows 7 ; 6.1        ; x86_64         ;
; TimeQuest Timing Analyzer ; DIGLAB352-2-04   ; Windows 7 ; 6.1        ; x86_64         ;
; EDA Netlist Writer        ; DIGLAB352-2-04   ; Windows 7 ; 6.1        ; x86_64         ;
; Analysis & Synthesis      ; DIGLAB352-2-04   ; Windows 7 ; 6.1        ; x86_64         ;
; Partition Merge           ; DIGLAB352-2-04   ; Windows 7 ; 6.1        ; x86_64         ;
; Fitter                    ; DIGLAB352-2-04   ; Windows 7 ; 6.1        ; x86_64         ;
; Assembler                 ; DIGLAB352-2-04   ; Windows 7 ; 6.1        ; x86_64         ;
; TimeQuest Timing Analyzer ; DIGLAB352-2-04   ; Windows 7 ; 6.1        ; x86_64         ;
; EDA Netlist Writer        ; DIGLAB352-2-04   ; Windows 7 ; 6.1        ; x86_64         ;
+---------------------------+------------------+-----------+------------+----------------+


------------
; Flow Log ;
------------
quartus_map --read_settings_files=on --write_settings_files=off mds_img_manipulation -c mds_img_manipulation
quartus_fit --read_settings_files=off --write_settings_files=off mds_img_manipulation -c mds_img_manipulation
quartus_asm --read_settings_files=off --write_settings_files=off mds_img_manipulation -c mds_img_manipulation
quartus_sta mds_img_manipulation -c mds_img_manipulation
quartus_eda --read_settings_files=off --write_settings_files=off mds_img_manipulation -c mds_img_manipulation
quartus_map --read_settings_files=on --write_settings_files=off mds_img_manipulation -c mds_img_manipulation
quartus_cdb --read_settings_files=off --write_settings_files=off mds_img_manipulation -c mds_img_manipulation --merge=on
quartus_fit --read_settings_files=off --write_settings_files=off mds_img_manipulation -c mds_img_manipulation
quartus_asm --read_settings_files=off --write_settings_files=off mds_img_manipulation -c mds_img_manipulation
quartus_sta mds_img_manipulation -c mds_img_manipulation
quartus_eda --read_settings_files=off --write_settings_files=off mds_img_manipulation -c mds_img_manipulation
quartus_sta mds_img_manipulation -c mds_img_manipulation
quartus_map --read_settings_files=on --write_settings_files=off mds_img_manipulation -c mds_img_manipulation
quartus_cdb --read_settings_files=off --write_settings_files=off mds_img_manipulation -c mds_img_manipulation --merge=on
quartus_fit --read_settings_files=off --write_settings_files=off mds_img_manipulation -c mds_img_manipulation
quartus_asm --read_settings_files=off --write_settings_files=off mds_img_manipulation -c mds_img_manipulation
quartus_sta mds_img_manipulation -c mds_img_manipulation
quartus_eda --read_settings_files=off --write_settings_files=off mds_img_manipulation -c mds_img_manipulation
quartus_map --read_settings_files=on --write_settings_files=off mds_img_manipulation -c mds_img_manipulation
quartus_cdb --read_settings_files=off --write_settings_files=off mds_img_manipulation -c mds_img_manipulation --merge=on
quartus_fit --read_settings_files=off --write_settings_files=off mds_img_manipulation -c mds_img_manipulation
quartus_asm --read_settings_files=off --write_settings_files=off mds_img_manipulation -c mds_img_manipulation
quartus_sta mds_img_manipulation -c mds_img_manipulation
quartus_eda --read_settings_files=off --write_settings_files=off mds_img_manipulation -c mds_img_manipulation
quartus_map --read_settings_files=on --write_settings_files=off mds_img_manipulation -c mds_img_manipulation
quartus_cdb --read_settings_files=off --write_settings_files=off mds_img_manipulation -c mds_img_manipulation --merge=on
quartus_fit --read_settings_files=off --write_settings_files=off mds_img_manipulation -c mds_img_manipulation
quartus_asm --read_settings_files=off --write_settings_files=off mds_img_manipulation -c mds_img_manipulation
quartus_sta mds_img_manipulation -c mds_img_manipulation
quartus_eda --read_settings_files=off --write_settings_files=off mds_img_manipulation -c mds_img_manipulation
quartus_map --read_settings_files=on --write_settings_files=off mds_img_manipulation -c mds_img_manipulation
quartus_cdb --read_settings_files=off --write_settings_files=off mds_img_manipulation -c mds_img_manipulation --merge=on
quartus_fit --read_settings_files=off --write_settings_files=off mds_img_manipulation -c mds_img_manipulation
quartus_asm --read_settings_files=off --write_settings_files=off mds_img_manipulation -c mds_img_manipulation
quartus_sta mds_img_manipulation -c mds_img_manipulation
quartus_eda --read_settings_files=off --write_settings_files=off mds_img_manipulation -c mds_img_manipulation
quartus_map --read_settings_files=on --write_settings_files=off mds_img_manipulation -c mds_img_manipulation
quartus_cdb --read_settings_files=off --write_settings_files=off mds_img_manipulation -c mds_img_manipulation --merge=on
quartus_fit --read_settings_files=off --write_settings_files=off mds_img_manipulation -c mds_img_manipulation
quartus_asm --read_settings_files=off --write_settings_files=off mds_img_manipulation -c mds_img_manipulation
quartus_sta mds_img_manipulation -c mds_img_manipulation
quartus_eda --read_settings_files=off --write_settings_files=off mds_img_manipulation -c mds_img_manipulation
quartus_map --read_settings_files=on --write_settings_files=off mds_img_manipulation -c mds_img_manipulation
quartus_cdb --read_settings_files=off --write_settings_files=off mds_img_manipulation -c mds_img_manipulation --merge=on
quartus_fit --read_settings_files=off --write_settings_files=off mds_img_manipulation -c mds_img_manipulation
quartus_asm --read_settings_files=off --write_settings_files=off mds_img_manipulation -c mds_img_manipulation
quartus_sta mds_img_manipulation -c mds_img_manipulation
quartus_eda --read_settings_files=off --write_settings_files=off mds_img_manipulation -c mds_img_manipulation



